[35m[1mScanning dependencies of target std_msgs_generate_messages_nodejs[0m
[35m[1mScanning dependencies of target std_msgs_generate_messages_py[0m
[35m[1mScanning dependencies of target std_msgs_generate_messages_lisp[0m
[35m[1mScanning dependencies of target std_msgs_generate_messages_eus[0m
[35m[1mScanning dependencies of target std_msgs_generate_messages_cpp[0m
[35m[1mScanning dependencies of target _yw_tool_base_generate_messages_check_deps_db[0m
[  0%] Built target std_msgs_generate_messages_py
[  0%] Built target std_msgs_generate_messages_lisp
[  0%] Built target std_msgs_generate_messages_eus
[  0%] Built target std_msgs_generate_messages_nodejs
[  0%] Built target std_msgs_generate_messages_cpp
[  0%] Built target _yw_tool_base_generate_messages_check_deps_db
[35m[1mScanning dependencies of target yw_tool_base_generate_messages_eus[0m
[35m[1mScanning dependencies of target yw_tool_base_generate_messages_py[0m
[35m[1mScanning dependencies of target yw_tool_base_generate_messages_cpp[0m
[35m[1mScanning dependencies of target yw_tool_base_generate_messages_lisp[0m
[35m[1mScanning dependencies of target yw_tool_base_generate_messages_nodejs[0m
[ 14%] [34m[1mGenerating Python from MSG yw_tool_base/db[0m
[ 57%] [34m[1mGenerating EusLisp code from yw_tool_base/db.msg[0m
[ 57%] [34m[1mGenerating EusLisp manifest code for yw_tool_base[0m
[ 57%] [34m[1mGenerating C++ code from yw_tool_base/db.msg[0m
[ 71%] [34m[1mGenerating Lisp code from yw_tool_base/db.msg[0m
[ 85%] [34m[1mGenerating Javascript code from yw_tool_base/db.msg[0m
[ 85%] Built target yw_tool_base_generate_messages_nodejs
[ 85%] Built target yw_tool_base_generate_messages_lisp
[100%] [34m[1mGenerating Python msg __init__.py for yw_tool_base[0m
[100%] Built target yw_tool_base_generate_messages_cpp
[100%] Built target yw_tool_base_generate_messages_py
[100%] Built target yw_tool_base_generate_messages_eus
[35m[1mScanning dependencies of target yw_tool_base_generate_messages[0m
[100%] Built target yw_tool_base_generate_messages
